Testsuite: CompareAdapter66Test
Tests run: 3, Failures: 0, Errors: 0, Incomplete: 0, Skipped: 0, Time elapsed: 0.14793 s
Testsuite: CompareAdapter67Test
Tests run: 3, Failures: 0, Errors: 0, Incomplete: 0, Skipped: 0, Time elapsed: 0.02375 s
Testsuite: ImportAdapter65Test
Tests run: 2, Failures: 0, Errors: 0, Incomplete: 0, Skipped: 0, Time elapsed: 0.02293 s
Testsuite: ImportAdapter66Test
Tests run: 2, Failures: 0, Errors: 0, Incomplete: 0, Skipped: 0, Time elapsed: 0.02110 s
Testsuite: ImportAdapter67Test
Tests run: 2, Failures: 0, Errors: 0, Incomplete: 0, Skipped: 0, Time elapsed: 0.02027 s
Testsuite: ParallaDataProviderTest
Tests run: 3, Failures: 0, Errors: 0, Incomplete: 0, Skipped: 0, Time elapsed: 2.69278 s
Testsuite: ParameterParserTest
Tests run: 2, Failures: 0, Errors: 0, Incomplete: 0, Skipped: 0, Time elapsed: 0.02979 s
Testsuite: ProductCampaignAdapter67Test
Tests run: 2, Failures: 0, Errors: 0, Incomplete: 0, Skipped: 0, Time elapsed: 0.03509 s
Testsuite: RecommendationAdapter65Test
Tests run: 3, Failures: 0, Errors: 0, Incomplete: 0, Skipped: 0, Time elapsed: 0.03676 s
Testsuite: RecommendationAdapter66Test
Tests run: 3, Failures: 0, Errors: 0, Incomplete: 0, Skipped: 0, Time elapsed: 0.02929 s
Testsuite: RecommendationAdapter67Test
Tests run: 4, Failures: 0, Errors: 0, Incomplete: 0, Skipped: 0, Time elapsed: 0.03565 s
Testsuite: SearchAdapter67Test
Tests run: 1, Failures: 0, Errors: 0, Incomplete: 0, Skipped: 0, Time elapsed: 0.02073 s
Testsuite: SimilarRecordsAdapter66Test
Tests run: 5, Failures: 0, Errors: 0, Incomplete: 0, Skipped: 0, Time elapsed: 0.04917 s
Testsuite: SimilarRecordsAdapter67Test
Tests run: 5, Failures: 0, Errors: 0, Incomplete: 0, Skipped: 0, Time elapsed: 0.04326 s
Testsuite: SuggestAdapter65Test
Tests run: 1, Failures: 0, Errors: 0, Incomplete: 0, Skipped: 0, Time elapsed: 0.02909 s
Testsuite: SuggestAdapter66Test
Tests run: 1, Failures: 0, Errors: 0, Incomplete: 0, Skipped: 0, Time elapsed: 0.01851 s
Testsuite: SuggestAdapter67Test
Tests run: 1, Failures: 0, Errors: 0, Incomplete: 0, Skipped: 0, Time elapsed: 0.01709 s
Testsuite: TagCloudAdapter65Test
Tests run: 1, Failures: 0, Errors: 0, Incomplete: 0, Skipped: 0, Time elapsed: 0.01850 s
Testsuite: TagCloudAdapter66Test
Tests run: 1, Failures: 0, Errors: 0, Incomplete: 0, Skipped: 0, Time elapsed: 0.02137 s
Testsuite: TagCloudAdapter67Test
Tests run: 1, Failures: 0, Errors: 0, Incomplete: 0, Skipped: 0, Time elapsed: 0.01627 s
